[2024-04-05 10:00:47:1394605] INFO  15816 --- [nio-8181-exec-1] o.s.web.servlet.DispatcherServlet        : Initializing Servlet 'dispatcherServlet'
[2024-04-05 10:00:47:1394609] INFO  15816 --- [nio-8181-exec-1] o.s.web.servlet.DispatcherServlet        : Completed initialization in 3 ms
[2024-04-05 10:16:59:7277] INFO  14248 --- [nio-8181-exec-1] o.s.web.servlet.DispatcherServlet        : Initializing Servlet 'dispatcherServlet'
[2024-04-05 10:16:59:7279] INFO  14248 --- [nio-8181-exec-1] o.s.web.servlet.DispatcherServlet        : Completed initialization in 2 ms
[2024-04-05 10:42:51:5834] INFO  3476 --- [nio-8181-exec-1] o.s.web.servlet.DispatcherServlet        : Initializing Servlet 'dispatcherServlet'
[2024-04-05 10:42:51:5838] INFO  3476 --- [nio-8181-exec-1] o.s.web.servlet.DispatcherServlet        : Completed initialization in 2 ms
[2024-04-05 10:46:00:10000] INFO  2904 --- [nio-8181-exec-5] o.s.web.servlet.DispatcherServlet        : Initializing Servlet 'dispatcherServlet'
[2024-04-05 10:46:00:10001] INFO  2904 --- [nio-8181-exec-5] o.s.web.servlet.DispatcherServlet        : Completed initialization in 1 ms
[2024-04-05 10:55:31:13620] INFO  15896 --- [nio-8181-exec-2] o.s.web.servlet.DispatcherServlet        : Initializing Servlet 'dispatcherServlet'
[2024-04-05 10:55:31:13623] INFO  15896 --- [nio-8181-exec-2] o.s.web.servlet.DispatcherServlet        : Completed initialization in 2 ms
[2024-04-05 10:59:44:5551] INFO  11276 --- [nio-8181-exec-1] o.s.web.servlet.DispatcherServlet        : Initializing Servlet 'dispatcherServlet'
[2024-04-05 10:59:44:5553] INFO  11276 --- [nio-8181-exec-1] o.s.web.servlet.DispatcherServlet        : Completed initialization in 1 ms
[2024-04-05 11:35:14:51246] INFO  8096 --- [nio-8181-exec-1] o.s.web.servlet.DispatcherServlet        : Initializing Servlet 'dispatcherServlet'
[2024-04-05 11:35:14:51247] INFO  8096 --- [nio-8181-exec-1] o.s.web.servlet.DispatcherServlet        : Completed initialization in 1 ms
[2024-04-05 11:35:33:70589] WARN  8096 --- [nio-8181-exec-9] .w.s.m.s.DefaultHandlerExceptionResolver : Resolved [org.springframework.web.HttpRequestMethodNotSupportedException: Request method 'POST' is not supported]
[2024-04-05 11:35:44:80653] WARN  8096 --- [nio-8181-exec-5] .w.s.m.s.DefaultHandlerExceptionResolver : Resolved [org.springframework.web.HttpRequestMethodNotSupportedException: Request method 'POST' is not supported]
[2024-04-05 11:35:51:88453] WARN  8096 --- [nio-8181-exec-1] .w.s.m.s.DefaultHandlerExceptionResolver : Resolved [org.springframework.web.HttpRequestMethodNotSupportedException: Request method 'POST' is not supported]
[2024-04-05 11:36:08:104617] WARN  8096 --- [nio-8181-exec-2] .w.s.m.s.DefaultHandlerExceptionResolver : Resolved [org.springframework.web.HttpRequestMethodNotSupportedException: Request method 'POST' is not supported]
[2024-04-05 11:36:22:119027] WARN  8096 --- [nio-8181-exec-1] .w.s.m.s.DefaultHandlerExceptionResolver : Resolved [org.springframework.web.HttpRequestMethodNotSupportedException: Request method 'POST' is not supported]
[2024-04-05 11:36:57:153868] WARN  8096 --- [nio-8181-exec-6] .w.s.m.s.DefaultHandlerExceptionResolver : Resolved [org.springframework.web.HttpRequestMethodNotSupportedException: Request method 'POST' is not supported]
[2024-04-05 11:37:07:164387] WARN  8096 --- [nio-8181-exec-7] .w.s.m.s.DefaultHandlerExceptionResolver : Resolved [org.springframework.web.HttpRequestMethodNotSupportedException: Request method 'POST' is not supported]
[2024-04-05 11:37:18:175604] WARN  8096 --- [nio-8181-exec-9] .w.s.m.s.DefaultHandlerExceptionResolver : Resolved [org.springframework.web.HttpRequestMethodNotSupportedException: Request method 'POST' is not supported]
[2024-04-05 11:37:37:194585] WARN  8096 --- [nio-8181-exec-2] .w.s.m.s.DefaultHandlerExceptionResolver : Resolved [org.springframework.web.HttpRequestMethodNotSupportedException: Request method 'POST' is not supported]
[2024-04-05 11:38:13:230084] WARN  8096 --- [nio-8181-exec-9] .w.s.m.s.DefaultHandlerExceptionResolver : Resolved [org.springframework.web.HttpRequestMethodNotSupportedException: Request method 'POST' is not supported]
[2024-04-05 11:38:21:238586] WARN  8096 --- [nio-8181-exec-8] .w.s.m.s.DefaultHandlerExceptionResolver : Resolved [org.springframework.web.HttpRequestMethodNotSupportedException: Request method 'POST' is not supported]
[2024-04-05 11:47:05:13923] INFO  1108 --- [nio-8181-exec-1] o.s.web.servlet.DispatcherServlet        : Initializing Servlet 'dispatcherServlet'
[2024-04-05 11:47:05:13924] INFO  1108 --- [nio-8181-exec-1] o.s.web.servlet.DispatcherServlet        : Completed initialization in 1 ms
[2024-04-05 11:47:22:30532] WARN  1108 --- [nio-8181-exec-4] .w.s.m.s.DefaultHandlerExceptionResolver : Resolved [org.springframework.web.HttpRequestMethodNotSupportedException: Request method 'POST' is not supported]
[2024-04-05 11:50:00:189246] WARN  1108 --- [nio-8181-exec-7] .w.s.m.s.DefaultHandlerExceptionResolver : Resolved [org.springframework.web.HttpRequestMethodNotSupportedException: Request method 'POST' is not supported]
[2024-04-05 11:50:11:200093] WARN  1108 --- [nio-8181-exec-9] .w.s.m.s.DefaultHandlerExceptionResolver : Resolved [org.springframework.web.HttpRequestMethodNotSupportedException: Request method 'GET' is not supported]
[2024-04-05 11:52:20:6471] INFO  5904 --- [nio-8181-exec-1] o.s.web.servlet.DispatcherServlet        : Initializing Servlet 'dispatcherServlet'
[2024-04-05 11:52:20:6472] INFO  5904 --- [nio-8181-exec-1] o.s.web.servlet.DispatcherServlet        : Completed initialization in 1 ms
[2024-04-05 11:52:35:21639] WARN  5904 --- [nio-8181-exec-9] .w.s.m.s.DefaultHandlerExceptionResolver : Resolved [org.springframework.web.HttpRequestMethodNotSupportedException: Request method 'POST' is not supported]
[2024-04-05 11:55:42:8346] INFO  9912 --- [nio-8181-exec-2] o.s.web.servlet.DispatcherServlet        : Initializing Servlet 'dispatcherServlet'
[2024-04-05 11:55:42:8347] INFO  9912 --- [nio-8181-exec-2] o.s.web.servlet.DispatcherServlet        : Completed initialization in 1 ms
[2024-04-05 11:56:02:29003] WARN  9912 --- [nio-8181-exec-9] .w.s.m.s.DefaultHandlerExceptionResolver : Resolved [org.springframework.web.HttpRequestMethodNotSupportedException: Request method 'POST' is not supported]
[2024-04-05 11:58:12:31066] INFO  12160 --- [nio-8181-exec-1] o.s.web.servlet.DispatcherServlet        : Initializing Servlet 'dispatcherServlet'
[2024-04-05 11:58:12:31068] INFO  12160 --- [nio-8181-exec-1] o.s.web.servlet.DispatcherServlet        : Completed initialization in 2 ms
[2024-04-05 12:13:08:15192] INFO  9536 --- [nio-8181-exec-1] o.s.web.servlet.DispatcherServlet        : Initializing Servlet 'dispatcherServlet'
[2024-04-05 12:13:08:15193] INFO  9536 --- [nio-8181-exec-1] o.s.web.servlet.DispatcherServlet        : Completed initialization in 1 ms
[2024-04-05 12:23:01:162499] INFO  5264 --- [nio-8181-exec-1] o.s.web.servlet.DispatcherServlet        : Initializing Servlet 'dispatcherServlet'
[2024-04-05 12:23:01:162501] INFO  5264 --- [nio-8181-exec-1] o.s.web.servlet.DispatcherServlet        : Completed initialization in 2 ms
[2024-04-05 12:23:01:162617] WARN  5264 --- [nio-8181-exec-1] .w.s.m.s.DefaultHandlerExceptionResolver : Resolved [org.springframework.web.HttpRequestMethodNotSupportedException: Request method 'POST' is not supported]
[2024-04-05 12:51:23:13260] INFO  12816 --- [nio-8181-exec-1] o.s.web.servlet.DispatcherServlet        : Initializing Servlet 'dispatcherServlet'
[2024-04-05 12:51:23:13262] INFO  12816 --- [nio-8181-exec-1] o.s.web.servlet.DispatcherServlet        : Completed initialization in 1 ms
[2024-04-05 12:51:42:32806] WARN  12816 --- [nio-8181-exec-3] .w.s.m.s.DefaultHandlerExceptionResolver : Resolved [org.springframework.web.HttpRequestMethodNotSupportedException: Request method 'POST' is not supported]
[2024-04-05 12:58:38:32767] INFO  12140 --- [nio-8181-exec-1] o.s.web.servlet.DispatcherServlet        : Initializing Servlet 'dispatcherServlet'
[2024-04-05 12:58:38:32769] INFO  12140 --- [nio-8181-exec-1] o.s.web.servlet.DispatcherServlet        : Completed initialization in 1 ms
[2024-04-05 12:58:45:39804] WARN  12140 --- [nio-8181-exec-2] .w.s.m.s.DefaultHandlerExceptionResolver : Resolved [org.springframework.web.HttpRequestMethodNotSupportedException: Request method 'POST' is not supported]
[2024-04-05 13:03:55:6206] INFO  6668 --- [nio-8181-exec-1] o.s.web.servlet.DispatcherServlet        : Initializing Servlet 'dispatcherServlet'
[2024-04-05 13:03:55:6211] INFO  6668 --- [nio-8181-exec-1] o.s.web.servlet.DispatcherServlet        : Completed initialization in 4 ms
[2024-04-05 13:04:08:19602] WARN  6668 --- [io-8181-exec-10] .w.s.m.s.DefaultHandlerExceptionResolver : Resolved [org.springframework.web.HttpRequestMethodNotSupportedException: Request method 'POST' is not supported]
[2024-04-05 13:11:03:48100] INFO  14896 --- [nio-8181-exec-1] o.s.web.servlet.DispatcherServlet        : Initializing Servlet 'dispatcherServlet'
[2024-04-05 13:11:03:48101] INFO  14896 --- [nio-8181-exec-1] o.s.web.servlet.DispatcherServlet        : Completed initialization in 1 ms
[2024-04-05 13:13:28:6813] INFO  12980 --- [nio-8181-exec-1] o.s.web.servlet.DispatcherServlet        : Initializing Servlet 'dispatcherServlet'
[2024-04-05 13:13:28:6817] INFO  12980 --- [nio-8181-exec-1] o.s.web.servlet.DispatcherServlet        : Completed initialization in 3 ms
[2024-04-05 13:18:48:7094] INFO  10988 --- [nio-8181-exec-1] o.s.web.servlet.DispatcherServlet        : Initializing Servlet 'dispatcherServlet'
[2024-04-05 13:18:48:7098] INFO  10988 --- [nio-8181-exec-1] o.s.web.servlet.DispatcherServlet        : Completed initialization in 3 ms
[2024-04-05 13:24:50:8020] INFO  16696 --- [nio-8181-exec-1] o.s.web.servlet.DispatcherServlet        : Initializing Servlet 'dispatcherServlet'
[2024-04-05 13:24:50:8021] INFO  16696 --- [nio-8181-exec-1] o.s.web.servlet.DispatcherServlet        : Completed initialization in 1 ms
[2024-04-05 13:27:10:8189] INFO  6564 --- [nio-8181-exec-1] o.s.web.servlet.DispatcherServlet        : Initializing Servlet 'dispatcherServlet'
[2024-04-05 13:27:10:8192] INFO  6564 --- [nio-8181-exec-1] o.s.web.servlet.DispatcherServlet        : Completed initialization in 2 ms
[2024-04-05 15:31:33:27330] INFO  1180 --- [nio-8181-exec-1] o.s.web.servlet.DispatcherServlet        : Initializing Servlet 'dispatcherServlet'
[2024-04-05 15:31:33:27331] INFO  1180 --- [nio-8181-exec-1] o.s.web.servlet.DispatcherServlet        : Completed initialization in 0 ms
[2024-04-05 15:37:17:13633] INFO  6716 --- [nio-8181-exec-1] o.s.web.servlet.DispatcherServlet        : Initializing Servlet 'dispatcherServlet'
[2024-04-05 15:37:17:13634] INFO  6716 --- [nio-8181-exec-1] o.s.web.servlet.DispatcherServlet        : Completed initialization in 1 ms
[2024-04-05 15:56:36:7804] INFO  3844 --- [nio-8181-exec-1] o.s.web.servlet.DispatcherServlet        : Initializing Servlet 'dispatcherServlet'
[2024-04-05 15:56:36:7807] INFO  3844 --- [nio-8181-exec-1] o.s.web.servlet.DispatcherServlet        : Completed initialization in 0 ms
[2024-04-05 16:00:43:11412] INFO  10688 --- [nio-8181-exec-1] o.s.web.servlet.DispatcherServlet        : Initializing Servlet 'dispatcherServlet'
[2024-04-05 16:00:43:11415] INFO  10688 --- [nio-8181-exec-1] o.s.web.servlet.DispatcherServlet        : Completed initialization in 2 ms
[2024-04-05 16:29:30:6089] INFO  3568 --- [nio-8181-exec-7] o.s.web.servlet.DispatcherServlet        : Initializing Servlet 'dispatcherServlet'
[2024-04-05 16:29:30:6090] INFO  3568 --- [nio-8181-exec-7] o.s.web.servlet.DispatcherServlet        : Completed initialization in 1 ms
[2024-04-05 16:31:56:10740] INFO  2672 --- [nio-8181-exec-1] o.s.web.servlet.DispatcherServlet        : Initializing Servlet 'dispatcherServlet'
[2024-04-05 16:31:56:10743] INFO  2672 --- [nio-8181-exec-1] o.s.web.servlet.DispatcherServlet        : Completed initialization in 2 ms
[2024-04-05 16:33:26:9195] INFO  13360 --- [nio-8181-exec-1] o.s.web.servlet.DispatcherServlet        : Initializing Servlet 'dispatcherServlet'
[2024-04-05 16:33:26:9199] INFO  13360 --- [nio-8181-exec-1] o.s.web.servlet.DispatcherServlet        : Completed initialization in 3 ms
[2024-04-05 16:43:12:7097] INFO  10212 --- [nio-8181-exec-2] o.s.web.servlet.DispatcherServlet        : Initializing Servlet 'dispatcherServlet'
[2024-04-05 16:43:12:7098] INFO  10212 --- [nio-8181-exec-2] o.s.web.servlet.DispatcherServlet        : Completed initialization in 1 ms
[2024-04-05 16:56:38:7527] INFO  10392 --- [nio-8181-exec-1] o.s.web.servlet.DispatcherServlet        : Initializing Servlet 'dispatcherServlet'
[2024-04-05 16:56:38:7530] INFO  10392 --- [nio-8181-exec-1] o.s.web.servlet.DispatcherServlet        : Completed initialization in 2 ms
[2024-04-05 17:02:26:11064] INFO  11412 --- [nio-8181-exec-1] o.s.web.servlet.DispatcherServlet        : Initializing Servlet 'dispatcherServlet'
[2024-04-05 17:02:26:11066] INFO  11412 --- [nio-8181-exec-1] o.s.web.servlet.DispatcherServlet        : Completed initialization in 2 ms
[2024-04-05 17:14:40:7003] INFO  14880 --- [nio-8181-exec-1] o.s.web.servlet.DispatcherServlet        : Initializing Servlet 'dispatcherServlet'
[2024-04-05 17:14:40:7007] INFO  14880 --- [nio-8181-exec-1] o.s.web.servlet.DispatcherServlet        : Completed initialization in 2 ms
